<?xml version="1.0" encoding="UTF-8"?>
<!-- Generated by org.testng.reporters.JUnitReportReporter -->
<testsuite hostname="Harinath-PC" name="com.hari.test.ReadJsonObject" tests="1" failures="0" timestamp="5 Dec 2016 08:51:13 GMT" time="1.443" errors="0">
  <testcase name="aptTesting" time="1.443" classname="com.hari.test.ReadJsonObject"/>
</testsuite> <!-- com.hari.test.ReadJsonObject -->
