<?xml version="1.0" encoding="UTF-8"?>
<!-- Generated by org.testng.reporters.JUnitReportReporter -->
<testsuite hostname="Harinath-PC" name="com.hari.test.PageLoadingTime" tests="1" failures="0" timestamp="13 Dec 2016 10:39:18 GMT" time="3.958" errors="0">
  <testcase name="pageloadtime" time="3.958" classname="com.hari.test.PageLoadingTime"/>
</testsuite> <!-- com.hari.test.PageLoadingTime -->
